Determining if the os_signpost_interval_begin exist failed with the following output:
Change Dir: D:/llvm/llvm-nnsu-2024/clang/out/build/x64-Debug/CMakeFiles/CMakeTmp

Run Build Command(s):C:/Program Files (x86)/Microsoft Visual Studio/2019/Community/Common7/IDE/CommonExtensions/Microsoft/CMake/Ninja/ninja.exe cmTC_81590 && [1/2] Building C object CMakeFiles\cmTC_81590.dir\CheckSymbolExists.c.obj
FAILED: CMakeFiles/cmTC_81590.dir/CheckSymbolExists.c.obj 
C:\PROGRA~2\MICROS~3\2019\COMMUN~1\VC\Tools\MSVC\1429~1.301\bin\Hostx64\x64\cl.exe  /nologo   /DWIN32 /D_WINDOWS /Zc:inline /Zc:preprocessor /Oi /permissive- /W4 -wd4141 -wd4146 -wd4244 -wd4267 -wd4291 -wd4351 -wd4456 -wd4457 -wd4458 -wd4459 -wd4503 -wd4624 -wd4722 -wd4100 -wd4127 -wd4512 -wd4505 -wd4610 -wd4510 -wd4702 -wd4245 -wd4706 -wd4310 -wd4701 -wd4703 -wd4389 -wd4611 -wd4805 -wd4204 -wd4577 -wd4091 -wd4592 -wd4319 -wd4709 -wd5105 -wd4324 -w14062 -we4238  /Zi /Ob0 /Od /RTC1 -MDd /showIncludes /FoCMakeFiles\cmTC_81590.dir\CheckSymbolExists.c.obj /FdCMakeFiles\cmTC_81590.dir\ /FS -c CheckSymbolExists.c
CheckSymbolExists.c(2): fatal error C1083: Не удается открыть файл включение: os/signpost.h: No such file or directory,
ninja: build stopped: subcommand failed.


File D:/llvm/llvm-nnsu-2024/clang/out/build/x64-Debug/CMakeFiles/CMakeTmp/CheckSymbolExists.c:
/* */
#include <os/signpost.h>

int main(int argc, char** argv)
{
  (void)argv;
#ifndef os_signpost_interval_begin
  return ((int*)(&os_signpost_interval_begin))[argc];
#else
  (void)argc;
  return 0;
#endif
}
